<?xml version="1.0" encoding="UTF-8"?>
<testng-results skipped="0" failed="0" total="1" passed="1">
  <reporter-output>
  </reporter-output>
  <suite name="Default suite" duration-ms="60150" started-at="2018-04-02T01:31:36Z" finished-at="2018-04-02T01:32:36Z">
    <groups>
    </groups>
    <test name="Default test" duration-ms="60150" started-at="2018-04-02T01:31:36Z" finished-at="2018-04-02T01:32:36Z">
      <class name="com.almundo.callcenter.coretest.DispatcherTest">
        <test-method status="PASS" signature="dispatchCallTest()[pri:0, instance:com.almundo.callcenter.coretest.DispatcherTest@1810399e]" name="dispatchCallTest" duration-ms="60133" started-at="2018-04-01T20:31:36Z" finished-at="2018-04-01T20:32:36Z">
          <reporter-output>
          </reporter-output>
        </test-method> <!-- dispatchCallTest -->
      </class> <!-- com.almundo.callcenter.coretest.DispatcherTest -->
    </test> <!-- Default test -->
  </suite> <!-- Default suite -->
</testng-results>
